2025-09-24 20:34:07,969 - root - INFO - XXXXXXXXXXXXXX Test_001_login XXXXXXXXXXXXXX
2025-09-24 20:34:07,969 - root - INFO - XXXXXXXXXXXXXX test_homePageTitle XXXXXXXXXXXXXX
2025-09-24 20:34:09,842 - root - INFO - XXXXXXXXXXXXXX Test Passed XXXXXXXXXXXXXX
2025-09-24 20:34:16,311 - root - INFO - XXXXXXXXXXXXXX Test_001_login XXXXXXXXXXXXXX
2025-09-24 20:34:16,312 - root - INFO - XXXXXXXXXXXXXX test_login XXXXXXXXXXXXXX
2025-09-24 20:34:21,770 - root - INFO - XXXXXXXXXXXXXX Test Passed XXXXXXXXXXXXXX
2025-09-24 20:48:23,003 - root - INFO - XXXXXXXXXXXXXX Test_001_login XXXXXXXXXXXXXX
2025-09-24 20:48:23,004 - root - INFO - XXXXXXXXXXXXXX test_homePageTitle XXXXXXXXXXXXXX
2025-09-24 20:48:23,168 - root - INFO - XXXXXXXXXXXXXX Test_001_login XXXXXXXXXXXXXX
2025-09-24 20:48:23,168 - root - INFO - XXXXXXXXXXXXXX test_login XXXXXXXXXXXXXX
2025-09-24 20:51:13,736 - root - INFO - XXXXXXXXXXXXXX Test_001_login XXXXXXXXXXXXXX
2025-09-24 20:51:13,736 - root - INFO - XXXXXXXXXXXXXX test_homePageTitle XXXXXXXXXXXXXX
2025-09-24 20:51:13,904 - root - INFO - XXXXXXXXXXXXXX Test_001_login XXXXXXXXXXXXXX
2025-09-24 20:51:13,904 - root - INFO - XXXXXXXXXXXXXX test_login XXXXXXXXXXXXXX
2025-09-24 20:52:17,220 - root - INFO - XXXXXXXXXXXXXX Test_001_login XXXXXXXXXXXXXX
2025-09-24 20:52:17,221 - root - INFO - XXXXXXXXXXXXXX test_homePageTitle XXXXXXXXXXXXXX
2025-09-24 20:52:17,381 - root - INFO - XXXXXXXXXXXXXX Test_001_login XXXXXXXXXXXXXX
2025-09-24 20:52:17,381 - root - INFO - XXXXXXXXXXXXXX test_login XXXXXXXXXXXXXX
2025-09-24 20:53:44,950 - root - INFO - XXXXXXXXXXXXXX Test_001_login XXXXXXXXXXXXXX
2025-09-24 20:53:44,951 - root - INFO - XXXXXXXXXXXXXX test_homePageTitle XXXXXXXXXXXXXX
2025-09-24 20:53:45,994 - root - INFO - XXXXXXXXXXXXXX Test Passed XXXXXXXXXXXXXX
2025-09-24 20:53:49,465 - root - INFO - XXXXXXXXXXXXXX Test_001_login XXXXXXXXXXXXXX
2025-09-24 20:53:49,467 - root - INFO - XXXXXXXXXXXXXX test_login XXXXXXXXXXXXXX
2025-09-24 20:53:53,445 - root - INFO - XXXXXXXXXXXXXX Test Passed XXXXXXXXXXXXXX
2025-09-24 20:55:50,747 - root - INFO - XXXXXXXXXXXXXX Test_001_login XXXXXXXXXXXXXX
2025-09-24 20:55:50,748 - root - INFO - XXXXXXXXXXXXXX test_homePageTitle XXXXXXXXXXXXXX
2025-09-24 20:55:54,694 - root - INFO - XXXXXXXXXXXXXX Test Passed XXXXXXXXXXXXXX
2025-09-24 20:56:04,746 - root - INFO - XXXXXXXXXXXXXX Test_001_login XXXXXXXXXXXXXX
2025-09-24 20:56:04,747 - root - INFO - XXXXXXXXXXXXXX test_login XXXXXXXXXXXXXX
2025-09-24 20:56:10,566 - root - INFO - XXXXXXXXXXXXXX Test Passed XXXXXXXXXXXXXX
2025-09-24 20:56:52,960 - root - INFO - XXXXXXXXXXXXXX Test_001_login XXXXXXXXXXXXXX
2025-09-24 20:56:52,961 - root - INFO - XXXXXXXXXXXXXX test_homePageTitle XXXXXXXXXXXXXX
2025-09-24 20:57:00,685 - root - INFO - XXXXXXXXXXXXXX Test Passed XXXXXXXXXXXXXX
2025-09-24 20:57:11,705 - root - INFO - XXXXXXXXXXXXXX Test_001_login XXXXXXXXXXXXXX
2025-09-24 20:57:11,706 - root - INFO - XXXXXXXXXXXXXX test_login XXXXXXXXXXXXXX
2025-09-24 20:57:24,167 - root - INFO - XXXXXXXXXXXXXX Test Passed XXXXXXXXXXXXXX
2025-09-24 21:00:21,367 - root - INFO - XXXXXXXXXXXXXX Test_001_login XXXXXXXXXXXXXX
2025-09-24 21:00:21,368 - root - INFO - XXXXXXXXXXXXXX test_homePageTitle XXXXXXXXXXXXXX
2025-09-24 21:00:21,747 - root - INFO - XXXXXXXXXXXXXX Test_001_login XXXXXXXXXXXXXX
2025-09-24 21:00:21,748 - root - INFO - XXXXXXXXXXXXXX test_login XXXXXXXXXXXXXX
2025-09-24 21:00:25,562 - root - INFO - XXXXXXXXXXXXXX Test Passed XXXXXXXXXXXXXX
2025-09-24 21:00:27,286 - root - INFO - XXXXXXXXXXXXXX Test Passed XXXXXXXXXXXXXX
2025-09-24 21:03:47,590 - root - INFO - XXXXXXXXXXXXXX Test_001_login XXXXXXXXXXXXXX
2025-09-24 21:03:47,590 - root - INFO - XXXXXXXXXXXXXX test_login XXXXXXXXXXXXXX
2025-09-24 21:03:47,868 - root - INFO - XXXXXXXXXXXXXX Test_001_login XXXXXXXXXXXXXX
2025-09-24 21:03:47,869 - root - INFO - XXXXXXXXXXXXXX test_homePageTitle XXXXXXXXXXXXXX
2025-09-24 21:03:55,962 - root - INFO - XXXXXXXXXXXXXX Test Passed XXXXXXXXXXXXXX
2025-09-24 21:03:57,515 - root - INFO - XXXXXXXXXXXXXX Test Passed XXXXXXXXXXXXXX
2025-09-24 21:34:57,931 - root - INFO - XXXXXXXXXXXXXX Test_001_login XXXXXXXXXXXXXX
2025-09-24 21:34:58,072 - root - INFO - XXXXXXXXXXXXXX test_login XXXXXXXXXXXXXX
2025-09-24 21:36:10,811 - root - INFO - XXXXXXXXXXXXXX Test_001_login XXXXXXXXXXXXXX
2025-09-24 21:36:10,811 - root - INFO - XXXXXXXXXXXXXX test_login XXXXXXXXXXXXXX
2025-09-24 21:37:03,617 - root - INFO - XXXXXXXXXXXXXX Test_001_login XXXXXXXXXXXXXX
2025-09-24 21:37:03,618 - root - INFO - XXXXXXXXXXXXXX test_login XXXXXXXXXXXXXX
2025-09-24 21:55:41,474 - root - INFO - ***** Started: Test_003_CustomerRoles *****
2025-09-24 21:55:45,330 - root - INFO - **** Login Successful ****
2025-09-24 21:55:45,330 - root - INFO - *** Start Test_003_CustomerRoles ****
2025-09-25 10:55:13,702 - root - INFO - XXXXXXXXXXXXXX Test_001_login XXXXXXXXXXXXXX
2025-09-25 10:55:13,702 - root - INFO - XXXXXXXXXXXXXX Test_001_login XXXXXXXXXXXXXX
2025-09-25 10:55:13,702 - root - INFO - XXXXXXXXXXXXXX Test_001_login XXXXXXXXXXXXXX
2025-09-25 10:55:13,746 - root - INFO - XXXXXXXXXXXXXX test_homePageTitle XXXXXXXXXXXXXX
2025-09-25 10:55:13,746 - root - INFO - XXXXXXXXXXXXXX test_homePageTitle XXXXXXXXXXXXXX
2025-09-25 10:55:13,746 - root - INFO - XXXXXXXXXXXXXX test_homePageTitle XXXXXXXXXXXXXX
2025-09-25 10:55:16,493 - root - INFO - XXXXXXXXXXXXXX Test Passed XXXXXXXXXXXXXX
2025-09-25 10:55:16,493 - root - INFO - XXXXXXXXXXXXXX Test Passed XXXXXXXXXXXXXX
2025-09-25 10:55:16,493 - root - INFO - XXXXXXXXXXXXXX Test Passed XXXXXXXXXXXXXX
2025-09-25 11:04:15,144 - root - INFO - ***** Started: Test_003_CustomerRoles *****
2025-09-25 11:04:15,144 - root - INFO - ***** Started: Test_003_CustomerRoles *****
2025-09-25 11:04:15,144 - root - INFO - ***** Started: Test_003_CustomerRoles *****
2025-09-25 11:04:19,145 - root - INFO - **** Login Successful ****
2025-09-25 11:04:19,145 - root - INFO - **** Login Successful ****
2025-09-25 11:04:19,145 - root - INFO - **** Login Successful ****
2025-09-25 11:04:19,145 - root - INFO - *** Start Test_003_CustomerRoles ****
2025-09-25 11:04:19,145 - root - INFO - *** Start Test_003_CustomerRoles ****
2025-09-25 11:04:19,145 - root - INFO - *** Start Test_003_CustomerRoles ****
2025-09-25 11:04:24,906 - root - INFO - XXXXXXXXXXXXXX Test_001_login XXXXXXXXXXXXXX
2025-09-25 11:04:24,906 - root - INFO - XXXXXXXXXXXXXX Test_001_login XXXXXXXXXXXXXX
2025-09-25 11:04:24,906 - root - INFO - XXXXXXXXXXXXXX Test_001_login XXXXXXXXXXXXXX
2025-09-25 11:04:24,906 - root - INFO - XXXXXXXXXXXXXX test_homePageTitle XXXXXXXXXXXXXX
2025-09-25 11:04:24,906 - root - INFO - XXXXXXXXXXXXXX test_homePageTitle XXXXXXXXXXXXXX
2025-09-25 11:04:24,906 - root - INFO - XXXXXXXXXXXXXX test_homePageTitle XXXXXXXXXXXXXX
2025-09-25 11:04:26,631 - root - INFO - XXXXXXXXXXXXXX Test Passed XXXXXXXXXXXXXX
2025-09-25 11:04:26,631 - root - INFO - XXXXXXXXXXXXXX Test Passed XXXXXXXXXXXXXX
2025-09-25 11:04:26,631 - root - INFO - XXXXXXXXXXXXXX Test Passed XXXXXXXXXXXXXX
2025-09-25 11:04:30,973 - root - INFO - XXXXXXXXXXXXXX Test_001_login XXXXXXXXXXXXXX
2025-09-25 11:04:30,973 - root - INFO - XXXXXXXXXXXXXX Test_001_login XXXXXXXXXXXXXX
2025-09-25 11:04:30,973 - root - INFO - XXXXXXXXXXXXXX Test_001_login XXXXXXXXXXXXXX
2025-09-25 11:04:30,974 - root - INFO - XXXXXXXXXXXXXX test_login XXXXXXXXXXXXXX
2025-09-25 11:04:30,974 - root - INFO - XXXXXXXXXXXXXX test_login XXXXXXXXXXXXXX
2025-09-25 11:04:30,974 - root - INFO - XXXXXXXXXXXXXX test_login XXXXXXXXXXXXXX
2025-09-25 11:04:35,726 - root - INFO - XXXXXXXXXXXXXX Test Passed XXXXXXXXXXXXXX
2025-09-25 11:04:35,726 - root - INFO - XXXXXXXXXXXXXX Test Passed XXXXXXXXXXXXXX
2025-09-25 11:04:35,726 - root - INFO - XXXXXXXXXXXXXX Test Passed XXXXXXXXXXXXXX
2025-09-25 11:04:41,498 - root - INFO - XXXXXXXXXXXXXX Test_001_login XXXXXXXXXXXXXX
2025-09-25 11:04:41,498 - root - INFO - XXXXXXXXXXXXXX Test_001_login XXXXXXXXXXXXXX
2025-09-25 11:04:41,498 - root - INFO - XXXXXXXXXXXXXX Test_001_login XXXXXXXXXXXXXX
2025-09-25 11:04:41,499 - root - INFO - XXXXXXXXXXXXXX test_login XXXXXXXXXXXXXX
2025-09-25 11:04:41,499 - root - INFO - XXXXXXXXXXXXXX test_login XXXXXXXXXXXXXX
2025-09-25 11:04:41,499 - root - INFO - XXXXXXXXXXXXXX test_login XXXXXXXXXXXXXX
